{"D:\\Bootcamp\\Fase 2\\Individual Project\\Individual-Project\\server\\app.js": {"path":"D:\\Bootcamp\\Fase 2\\Individual Project\\Individual-Project\\server\\app.js","statementMap":{"0":{"start":{"line":3,"column":0},"end":{"line":6,"column":1}},"1":{"start":{"line":4,"column":16},"end":{"line":4,"column":33}},"2":{"start":{"line":5,"column":1},"end":{"line":5,"column":17}},"3":{"start":{"line":7,"column":16},"end":{"line":7,"column":34}},"4":{"start":{"line":8,"column":13},"end":{"line":8,"column":28}},"5":{"start":{"line":9,"column":12},"end":{"line":9,"column":21}},"6":{"start":{"line":10,"column":15},"end":{"line":10,"column":34}},"7":{"start":{"line":12,"column":21},"end":{"line":12,"column":58}},"8":{"start":{"line":15,"column":0},"end":{"line":15,"column":49}},"9":{"start":{"line":16,"column":0},"end":{"line":16,"column":16}},"10":{"start":{"line":17,"column":0},"end":{"line":17,"column":24}},"11":{"start":{"line":19,"column":0},"end":{"line":19,"column":21}},"12":{"start":{"line":20,"column":0},"end":{"line":20,"column":22}},"13":{"start":{"line":22,"column":0},"end":{"line":22,"column":21}}},"fnMap":{},"branchMap":{"0":{"loc":{"start":{"line":3,"column":0},"end":{"line":6,"column":1}},"type":"if","locations":[{"start":{"line":3,"column":0},"end":{"line":6,"column":1}},{"start":{},"end":{}}],"line":3}},"s":{"0":1,"1":1,"2":1,"3":1,"4":1,"5":1,"6":1,"7":1,"8":1,"9":1,"10":1,"11":1,"12":1,"13":1},"f":{},"b":{"0":[1,0]},"_coverageSchema":"1a1c01bbd47fc00a2c39e90264f33305004495a9","hash":"2898fe1b126cb527c08a92e74c9423273cabc118"}
,"D:\\Bootcamp\\Fase 2\\Individual Project\\Individual-Project\\server\\controllers\\myPokemonController.js": {"path":"D:\\Bootcamp\\Fase 2\\Individual Project\\Individual-Project\\server\\controllers\\myPokemonController.js","statementMap":{"0":{"start":{"line":3,"column":50},"end":{"line":3,"column":70}},"1":{"start":{"line":7,"column":2},"end":{"line":36,"column":3}},"2":{"start":{"line":8,"column":28},"end":{"line":8,"column":36}},"3":{"start":{"line":10,"column":25},"end":{"line":15,"column":5}},"4":{"start":{"line":17,"column":25},"end":{"line":31,"column":6}},"5":{"start":{"line":17,"column":55},"end":{"line":31,"column":4}},"6":{"start":{"line":33,"column":3},"end":{"line":33,"column":39}},"7":{"start":{"line":35,"column":3},"end":{"line":35,"column":15}},"8":{"start":{"line":40,"column":21},"end":{"line":40,"column":25}},"9":{"start":{"line":42,"column":36},"end":{"line":42,"column":44}},"10":{"start":{"line":44,"column":2},"end":{"line":90,"column":3}},"11":{"start":{"line":45,"column":3},"end":{"line":47,"column":4}},"12":{"start":{"line":46,"column":4},"end":{"line":46,"column":47}},"13":{"start":{"line":49,"column":29},"end":{"line":49,"column":50}},"14":{"start":{"line":50,"column":27},"end":{"line":50,"column":76}},"15":{"start":{"line":52,"column":27},"end":{"line":52,"column":66}},"16":{"start":{"line":53,"column":3},"end":{"line":55,"column":4}},"17":{"start":{"line":54,"column":4},"end":{"line":54,"column":36}},"18":{"start":{"line":57,"column":3},"end":{"line":67,"column":6}},"19":{"start":{"line":69,"column":3},"end":{"line":72,"column":6}},"20":{"start":{"line":74,"column":3},"end":{"line":87,"column":6}},"21":{"start":{"line":89,"column":3},"end":{"line":89,"column":15}},"22":{"start":{"line":94,"column":2},"end":{"line":114,"column":3}},"23":{"start":{"line":95,"column":18},"end":{"line":95,"column":28}},"24":{"start":{"line":96,"column":18},"end":{"line":96,"column":29}},"25":{"start":{"line":98,"column":21},"end":{"line":103,"column":5}},"26":{"start":{"line":105,"column":3},"end":{"line":107,"column":4}},"27":{"start":{"line":106,"column":4},"end":{"line":106,"column":36}},"28":{"start":{"line":109,"column":3},"end":{"line":109,"column":29}},"29":{"start":{"line":111,"column":3},"end":{"line":111,"column":77}},"30":{"start":{"line":113,"column":3},"end":{"line":113,"column":15}},"31":{"start":{"line":118,"column":0},"end":{"line":118,"column":37}}},"fnMap":{"0":{"name":"(anonymous_0)","decl":{"start":{"line":6,"column":1},"end":{"line":6,"column":2}},"loc":{"start":{"line":6,"column":44},"end":{"line":37,"column":2}},"line":6},"1":{"name":"(anonymous_1)","decl":{"start":{"line":17,"column":43},"end":{"line":17,"column":44}},"loc":{"start":{"line":17,"column":55},"end":{"line":31,"column":4}},"line":17},"2":{"name":"(anonymous_2)","decl":{"start":{"line":39,"column":1},"end":{"line":39,"column":2}},"loc":{"start":{"line":39,"column":43},"end":{"line":91,"column":2}},"line":39},"3":{"name":"(anonymous_3)","decl":{"start":{"line":93,"column":1},"end":{"line":93,"column":2}},"loc":{"start":{"line":93,"column":44},"end":{"line":115,"column":2}},"line":93}},"branchMap":{"0":{"loc":{"start":{"line":45,"column":3},"end":{"line":47,"column":4}},"type":"if","locations":[{"start":{"line":45,"column":3},"end":{"line":47,"column":4}},{"start":{},"end":{}}],"line":45},"1":{"loc":{"start":{"line":53,"column":3},"end":{"line":55,"column":4}},"type":"if","locations":[{"start":{"line":53,"column":3},"end":{"line":55,"column":4}},{"start":{},"end":{}}],"line":53},"2":{"loc":{"start":{"line":105,"column":3},"end":{"line":107,"column":4}},"type":"if","locations":[{"start":{"line":105,"column":3},"end":{"line":107,"column":4}},{"start":{},"end":{}}],"line":105}},"s":{"0":1,"1":1,"2":1,"3":1,"4":1,"5":0,"6":1,"7":0,"8":1,"9":1,"10":1,"11":1,"12":0,"13":1,"14":1,"15":1,"16":1,"17":0,"18":1,"19":1,"20":1,"21":0,"22":1,"23":1,"24":1,"25":1,"26":1,"27":1,"28":0,"29":0,"30":1,"31":1},"f":{"0":1,"1":0,"2":1,"3":1},"b":{"0":[0,1],"1":[0,1],"2":[1,0]},"_coverageSchema":"1a1c01bbd47fc00a2c39e90264f33305004495a9","hash":"f84493efc6284966b46a923e6ce089e66dccbd6c"}
,"D:\\Bootcamp\\Fase 2\\Individual Project\\Individual-Project\\server\\controllers\\orderController.js": {"path":"D:\\Bootcamp\\Fase 2\\Individual Project\\Individual-Project\\server\\controllers\\orderController.js","statementMap":{"0":{"start":{"line":3,"column":23},"end":{"line":3,"column":38}},"1":{"start":{"line":4,"column":23},"end":{"line":4,"column":49}},"2":{"start":{"line":5,"column":26},"end":{"line":5,"column":46}},"3":{"start":{"line":9,"column":19},"end":{"line":9,"column":30}},"4":{"start":{"line":10,"column":21},"end":{"line":10,"column":29}},"5":{"start":{"line":11,"column":2},"end":{"line":48,"column":3}},"6":{"start":{"line":12,"column":18},"end":{"line":12,"column":49}},"7":{"start":{"line":13,"column":3},"end":{"line":15,"column":4}},"8":{"start":{"line":14,"column":4},"end":{"line":14,"column":36}},"9":{"start":{"line":17,"column":26},"end":{"line":20,"column":5}},"10":{"start":{"line":22,"column":22},"end":{"line":22,"column":30}},"11":{"start":{"line":24,"column":3},"end":{"line":29,"column":6}},"12":{"start":{"line":31,"column":29},"end":{"line":40,"column":4}},"13":{"start":{"line":42,"column":27},"end":{"line":44,"column":4}},"14":{"start":{"line":45,"column":3},"end":{"line":45,"column":41}},"15":{"start":{"line":47,"column":3},"end":{"line":47,"column":15}},"16":{"start":{"line":52,"column":57},"end":{"line":52,"column":65}},"17":{"start":{"line":55,"column":2},"end":{"line":85,"column":3}},"18":{"start":{"line":56,"column":17},"end":{"line":56,"column":61}},"19":{"start":{"line":57,"column":3},"end":{"line":59,"column":4}},"20":{"start":{"line":58,"column":4},"end":{"line":58,"column":36}},"21":{"start":{"line":61,"column":3},"end":{"line":80,"column":4}},"22":{"start":{"line":65,"column":4},"end":{"line":65,"column":73}},"23":{"start":{"line":67,"column":19},"end":{"line":67,"column":56}},"24":{"start":{"line":68,"column":4},"end":{"line":73,"column":5}},"25":{"start":{"line":69,"column":5},"end":{"line":72,"column":7}},"26":{"start":{"line":74,"column":10},"end":{"line":80,"column":4}},"27":{"start":{"line":79,"column":4},"end":{"line":79,"column":70}},"28":{"start":{"line":82,"column":3},"end":{"line":82,"column":50}},"29":{"start":{"line":84,"column":3},"end":{"line":84,"column":15}},"30":{"start":{"line":89,"column":0},"end":{"line":89,"column":33}}},"fnMap":{"0":{"name":"(anonymous_0)","decl":{"start":{"line":8,"column":1},"end":{"line":8,"column":2}},"loc":{"start":{"line":8,"column":46},"end":{"line":49,"column":2}},"line":8},"1":{"name":"(anonymous_1)","decl":{"start":{"line":51,"column":1},"end":{"line":51,"column":2}},"loc":{"start":{"line":51,"column":44},"end":{"line":86,"column":2}},"line":51}},"branchMap":{"0":{"loc":{"start":{"line":13,"column":3},"end":{"line":15,"column":4}},"type":"if","locations":[{"start":{"line":13,"column":3},"end":{"line":15,"column":4}},{"start":{},"end":{}}],"line":13},"1":{"loc":{"start":{"line":57,"column":3},"end":{"line":59,"column":4}},"type":"if","locations":[{"start":{"line":57,"column":3},"end":{"line":59,"column":4}},{"start":{},"end":{}}],"line":57},"2":{"loc":{"start":{"line":61,"column":3},"end":{"line":80,"column":4}},"type":"if","locations":[{"start":{"line":61,"column":3},"end":{"line":80,"column":4}},{"start":{"line":74,"column":10},"end":{"line":80,"column":4}}],"line":61},"3":{"loc":{"start":{"line":62,"column":4},"end":{"line":63,"column":39}},"type":"binary-expr","locations":[{"start":{"line":62,"column":5},"end":{"line":62,"column":37}},{"start":{"line":62,"column":41},"end":{"line":62,"column":66}},{"start":{"line":63,"column":4},"end":{"line":63,"column":39}}],"line":62},"4":{"loc":{"start":{"line":68,"column":4},"end":{"line":73,"column":5}},"type":"if","locations":[{"start":{"line":68,"column":4},"end":{"line":73,"column":5}},{"start":{},"end":{}}],"line":68},"5":{"loc":{"start":{"line":74,"column":10},"end":{"line":80,"column":4}},"type":"if","locations":[{"start":{"line":74,"column":10},"end":{"line":80,"column":4}},{"start":{},"end":{}}],"line":74},"6":{"loc":{"start":{"line":75,"column":4},"end":{"line":77,"column":35}},"type":"binary-expr","locations":[{"start":{"line":75,"column":4},"end":{"line":75,"column":35}},{"start":{"line":76,"column":4},"end":{"line":76,"column":33}},{"start":{"line":77,"column":4},"end":{"line":77,"column":35}}],"line":75}},"s":{"0":1,"1":1,"2":1,"3":1,"4":1,"5":1,"6":1,"7":1,"8":0,"9":1,"10":1,"11":1,"12":1,"13":1,"14":1,"15":0,"16":0,"17":0,"18":0,"19":0,"20":0,"21":0,"22":0,"23":0,"24":0,"25":0,"26":0,"27":0,"28":0,"29":0,"30":1},"f":{"0":1,"1":0},"b":{"0":[0,1],"1":[0,0],"2":[0,0],"3":[0,0,0],"4":[0,0],"5":[0,0],"6":[0,0,0]},"_coverageSchema":"1a1c01bbd47fc00a2c39e90264f33305004495a9","hash":"9c7ed340124da86f6082163bdc275ff7f7b3ebde"}
,"D:\\Bootcamp\\Fase 2\\Individual Project\\Individual-Project\\server\\controllers\\playerController.js": {"path":"D:\\Bootcamp\\Fase 2\\Individual Project\\Individual-Project\\server\\controllers\\playerController.js","statementMap":{"0":{"start":{"line":3,"column":19},"end":{"line":3,"column":39}},"1":{"start":{"line":4,"column":28},"end":{"line":4,"column":62}},"2":{"start":{"line":5,"column":26},"end":{"line":5,"column":57}},"3":{"start":{"line":6,"column":25},"end":{"line":6,"column":55}},"4":{"start":{"line":10,"column":38},"end":{"line":10,"column":46}},"5":{"start":{"line":11,"column":2},"end":{"line":30,"column":3}},"6":{"start":{"line":12,"column":24},"end":{"line":12,"column":66}},"7":{"start":{"line":13,"column":3},"end":{"line":15,"column":4}},"8":{"start":{"line":14,"column":4},"end":{"line":14,"column":53}},"9":{"start":{"line":17,"column":18},"end":{"line":21,"column":5}},"10":{"start":{"line":22,"column":3},"end":{"line":26,"column":6}},"11":{"start":{"line":29,"column":3},"end":{"line":29,"column":15}},"12":{"start":{"line":34,"column":30},"end":{"line":34,"column":38}},"13":{"start":{"line":35,"column":2},"end":{"line":51,"column":3}},"14":{"start":{"line":36,"column":3},"end":{"line":38,"column":4}},"15":{"start":{"line":37,"column":4},"end":{"line":37,"column":35}},"16":{"start":{"line":40,"column":18},"end":{"line":40,"column":60}},"17":{"start":{"line":42,"column":3},"end":{"line":44,"column":4}},"18":{"start":{"line":43,"column":4},"end":{"line":43,"column":42}},"19":{"start":{"line":46,"column":23},"end":{"line":46,"column":55}},"20":{"start":{"line":47,"column":3},"end":{"line":47,"column":41}},"21":{"start":{"line":50,"column":3},"end":{"line":50,"column":15}},"22":{"start":{"line":55,"column":22},"end":{"line":55,"column":49}},"23":{"start":{"line":56,"column":22},"end":{"line":56,"column":40}},"24":{"start":{"line":58,"column":2},"end":{"line":86,"column":3}},"25":{"start":{"line":59,"column":30},"end":{"line":62,"column":5}},"26":{"start":{"line":64,"column":20},"end":{"line":64,"column":51}},"27":{"start":{"line":65,"column":21},"end":{"line":65,"column":35}},"28":{"start":{"line":68,"column":17},"end":{"line":68,"column":68}},"29":{"start":{"line":69,"column":3},"end":{"line":78,"column":4}},"30":{"start":{"line":70,"column":4},"end":{"line":77,"column":6}},"31":{"start":{"line":80,"column":23},"end":{"line":80,"column":56}},"32":{"start":{"line":81,"column":3},"end":{"line":83,"column":65}},"33":{"start":{"line":85,"column":3},"end":{"line":85,"column":15}},"34":{"start":{"line":90,"column":2},"end":{"line":101,"column":3}},"35":{"start":{"line":92,"column":18},"end":{"line":92,"column":52}},"36":{"start":{"line":94,"column":3},"end":{"line":96,"column":4}},"37":{"start":{"line":95,"column":4},"end":{"line":95,"column":36}},"38":{"start":{"line":98,"column":3},"end":{"line":98,"column":32}},"39":{"start":{"line":100,"column":3},"end":{"line":100,"column":15}},"40":{"start":{"line":105,"column":0},"end":{"line":105,"column":34}}},"fnMap":{"0":{"name":"(anonymous_0)","decl":{"start":{"line":9,"column":1},"end":{"line":9,"column":2}},"loc":{"start":{"line":9,"column":39},"end":{"line":31,"column":2}},"line":9},"1":{"name":"(anonymous_1)","decl":{"start":{"line":33,"column":1},"end":{"line":33,"column":2}},"loc":{"start":{"line":33,"column":36},"end":{"line":52,"column":2}},"line":33},"2":{"name":"(anonymous_2)","decl":{"start":{"line":54,"column":1},"end":{"line":54,"column":2}},"loc":{"start":{"line":54,"column":53},"end":{"line":87,"column":2}},"line":54},"3":{"name":"(anonymous_3)","decl":{"start":{"line":89,"column":1},"end":{"line":89,"column":2}},"loc":{"start":{"line":89,"column":46},"end":{"line":102,"column":2}},"line":89}},"branchMap":{"0":{"loc":{"start":{"line":13,"column":3},"end":{"line":15,"column":4}},"type":"if","locations":[{"start":{"line":13,"column":3},"end":{"line":15,"column":4}},{"start":{},"end":{}}],"line":13},"1":{"loc":{"start":{"line":36,"column":3},"end":{"line":38,"column":4}},"type":"if","locations":[{"start":{"line":36,"column":3},"end":{"line":38,"column":4}},{"start":{},"end":{}}],"line":36},"2":{"loc":{"start":{"line":36,"column":7},"end":{"line":36,"column":26}},"type":"binary-expr","locations":[{"start":{"line":36,"column":7},"end":{"line":36,"column":13}},{"start":{"line":36,"column":17},"end":{"line":36,"column":26}}],"line":36},"3":{"loc":{"start":{"line":42,"column":3},"end":{"line":44,"column":4}},"type":"if","locations":[{"start":{"line":42,"column":3},"end":{"line":44,"column":4}},{"start":{},"end":{}}],"line":42},"4":{"loc":{"start":{"line":42,"column":7},"end":{"line":42,"column":61}},"type":"binary-expr","locations":[{"start":{"line":42,"column":7},"end":{"line":42,"column":14}},{"start":{"line":42,"column":18},"end":{"line":42,"column":61}}],"line":42},"5":{"loc":{"start":{"line":69,"column":3},"end":{"line":78,"column":4}},"type":"if","locations":[{"start":{"line":69,"column":3},"end":{"line":78,"column":4}},{"start":{},"end":{}}],"line":69},"6":{"loc":{"start":{"line":94,"column":3},"end":{"line":96,"column":4}},"type":"if","locations":[{"start":{"line":94,"column":3},"end":{"line":96,"column":4}},{"start":{},"end":{}}],"line":94}},"s":{"0":1,"1":1,"2":1,"3":1,"4":3,"5":3,"6":3,"7":3,"8":1,"9":2,"10":1,"11":2,"12":5,"13":5,"14":5,"15":0,"16":5,"17":5,"18":1,"19":4,"20":4,"21":1,"22":0,"23":0,"24":0,"25":0,"26":0,"27":0,"28":0,"29":0,"30":0,"31":0,"32":0,"33":0,"34":1,"35":1,"36":1,"37":0,"38":1,"39":0,"40":1},"f":{"0":3,"1":5,"2":0,"3":1},"b":{"0":[1,2],"1":[0,5],"2":[5,5],"3":[1,4],"4":[5,4],"5":[0,0],"6":[0,1]},"_coverageSchema":"1a1c01bbd47fc00a2c39e90264f33305004495a9","hash":"3ab5d3448c4a325a4ee82cbd9c87c554a5392595"}
,"D:\\Bootcamp\\Fase 2\\Individual Project\\Individual-Project\\server\\controllers\\pokemonController.js": {"path":"D:\\Bootcamp\\Fase 2\\Individual Project\\Individual-Project\\server\\controllers\\pokemonController.js","statementMap":{"0":{"start":{"line":3,"column":20},"end":{"line":3,"column":40}},"1":{"start":{"line":4,"column":15},"end":{"line":4,"column":35}},"2":{"start":{"line":8,"column":2},"end":{"line":43,"column":3}},"3":{"start":{"line":9,"column":49},"end":{"line":9,"column":58}},"4":{"start":{"line":10,"column":24},"end":{"line":10,"column":27}},"5":{"start":{"line":12,"column":24},"end":{"line":17,"column":4}},"6":{"start":{"line":19,"column":3},"end":{"line":29,"column":4}},"7":{"start":{"line":20,"column":23},"end":{"line":20,"column":25}},"8":{"start":{"line":21,"column":4},"end":{"line":23,"column":5}},"9":{"start":{"line":22,"column":5},"end":{"line":22,"column":60}},"10":{"start":{"line":24,"column":4},"end":{"line":26,"column":5}},"11":{"start":{"line":25,"column":5},"end":{"line":25,"column":60}},"12":{"start":{"line":28,"column":4},"end":{"line":28,"column":65}},"13":{"start":{"line":31,"column":3},"end":{"line":34,"column":4}},"14":{"start":{"line":32,"column":22},"end":{"line":32,"column":55}},"15":{"start":{"line":33,"column":4},"end":{"line":33,"column":47}},"16":{"start":{"line":36,"column":20},"end":{"line":36,"column":63}},"17":{"start":{"line":37,"column":22},"end":{"line":37,"column":62}},"18":{"start":{"line":39,"column":3},"end":{"line":39,"column":65}},"19":{"start":{"line":41,"column":3},"end":{"line":41,"column":24}},"20":{"start":{"line":42,"column":3},"end":{"line":42,"column":15}},"21":{"start":{"line":47,"column":2},"end":{"line":58,"column":3}},"22":{"start":{"line":48,"column":18},"end":{"line":48,"column":28}},"23":{"start":{"line":49,"column":19},"end":{"line":49,"column":45}},"24":{"start":{"line":51,"column":3},"end":{"line":53,"column":4}},"25":{"start":{"line":52,"column":4},"end":{"line":52,"column":58}},"26":{"start":{"line":55,"column":3},"end":{"line":55,"column":33}},"27":{"start":{"line":57,"column":3},"end":{"line":57,"column":15}},"28":{"start":{"line":62,"column":0},"end":{"line":62,"column":35}}},"fnMap":{"0":{"name":"(anonymous_0)","decl":{"start":{"line":7,"column":1},"end":{"line":7,"column":2}},"loc":{"start":{"line":7,"column":42},"end":{"line":44,"column":2}},"line":7},"1":{"name":"(anonymous_1)","decl":{"start":{"line":46,"column":1},"end":{"line":46,"column":2}},"loc":{"start":{"line":46,"column":44},"end":{"line":59,"column":2}},"line":46}},"branchMap":{"0":{"loc":{"start":{"line":9,"column":36},"end":{"line":9,"column":44}},"type":"default-arg","locations":[{"start":{"line":9,"column":43},"end":{"line":9,"column":44}}],"line":9},"1":{"loc":{"start":{"line":19,"column":3},"end":{"line":29,"column":4}},"type":"if","locations":[{"start":{"line":19,"column":3},"end":{"line":29,"column":4}},{"start":{},"end":{}}],"line":19},"2":{"loc":{"start":{"line":19,"column":7},"end":{"line":19,"column":19}},"type":"binary-expr","locations":[{"start":{"line":19,"column":7},"end":{"line":19,"column":11}},{"start":{"line":19,"column":15},"end":{"line":19,"column":19}}],"line":19},"3":{"loc":{"start":{"line":21,"column":4},"end":{"line":23,"column":5}},"type":"if","locations":[{"start":{"line":21,"column":4},"end":{"line":23,"column":5}},{"start":{},"end":{}}],"line":21},"4":{"loc":{"start":{"line":24,"column":4},"end":{"line":26,"column":5}},"type":"if","locations":[{"start":{"line":24,"column":4},"end":{"line":26,"column":5}},{"start":{},"end":{}}],"line":24},"5":{"loc":{"start":{"line":31,"column":3},"end":{"line":34,"column":4}},"type":"if","locations":[{"start":{"line":31,"column":3},"end":{"line":34,"column":4}},{"start":{},"end":{}}],"line":31},"6":{"loc":{"start":{"line":32,"column":22},"end":{"line":32,"column":55}},"type":"cond-expr","locations":[{"start":{"line":32,"column":41},"end":{"line":32,"column":47}},{"start":{"line":32,"column":50},"end":{"line":32,"column":55}}],"line":32},"7":{"loc":{"start":{"line":51,"column":3},"end":{"line":53,"column":4}},"type":"if","locations":[{"start":{"line":51,"column":3},"end":{"line":53,"column":4}},{"start":{},"end":{}}],"line":51}},"s":{"0":1,"1":1,"2":1,"3":1,"4":1,"5":1,"6":1,"7":0,"8":0,"9":0,"10":0,"11":0,"12":0,"13":1,"14":0,"15":0,"16":1,"17":1,"18":1,"19":0,"20":0,"21":3,"22":3,"23":3,"24":2,"25":1,"26":1,"27":2,"28":1},"f":{"0":1,"1":3},"b":{"0":[1],"1":[0,1],"2":[1,1],"3":[0,0],"4":[0,0],"5":[0,1],"6":[0,0],"7":[1,1]},"_coverageSchema":"1a1c01bbd47fc00a2c39e90264f33305004495a9","hash":"7c94339ab8d807bf529cf713af50b0885d0c86b9"}
,"D:\\Bootcamp\\Fase 2\\Individual Project\\Individual-Project\\server\\helpers\\bcryptHelper.js": {"path":"D:\\Bootcamp\\Fase 2\\Individual Project\\Individual-Project\\server\\helpers\\bcryptHelper.js","statementMap":{"0":{"start":{"line":3,"column":15},"end":{"line":3,"column":32}},"1":{"start":{"line":5,"column":21},"end":{"line":8,"column":1}},"2":{"start":{"line":6,"column":20},"end":{"line":6,"column":22}},"3":{"start":{"line":7,"column":1},"end":{"line":7,"column":48}},"4":{"start":{"line":10,"column":24},"end":{"line":12,"column":1}},"5":{"start":{"line":11,"column":1},"end":{"line":11,"column":55}},"6":{"start":{"line":14,"column":0},"end":{"line":17,"column":2}}},"fnMap":{"0":{"name":"(anonymous_0)","decl":{"start":{"line":5,"column":21},"end":{"line":5,"column":22}},"loc":{"start":{"line":5,"column":41},"end":{"line":8,"column":1}},"line":5},"1":{"name":"(anonymous_1)","decl":{"start":{"line":10,"column":24},"end":{"line":10,"column":25}},"loc":{"start":{"line":10,"column":60},"end":{"line":12,"column":1}},"line":10}},"branchMap":{},"s":{"0":1,"1":1,"2":2,"3":2,"4":1,"5":4,"6":1},"f":{"0":2,"1":4},"b":{},"_coverageSchema":"1a1c01bbd47fc00a2c39e90264f33305004495a9","hash":"d69653e845252cf173a0eda371f6edfb41d1488e"}
,"D:\\Bootcamp\\Fase 2\\Individual Project\\Individual-Project\\server\\helpers\\jwtHelper.js": {"path":"D:\\Bootcamp\\Fase 2\\Individual Project\\Individual-Project\\server\\helpers\\jwtHelper.js","statementMap":{"0":{"start":{"line":3,"column":12},"end":{"line":3,"column":35}},"1":{"start":{"line":5,"column":22},"end":{"line":7,"column":1}},"2":{"start":{"line":6,"column":1},"end":{"line":6,"column":72}},"3":{"start":{"line":9,"column":20},"end":{"line":11,"column":1}},"4":{"start":{"line":10,"column":1},"end":{"line":10,"column":50}},"5":{"start":{"line":13,"column":0},"end":{"line":16,"column":2}}},"fnMap":{"0":{"name":"(anonymous_0)","decl":{"start":{"line":5,"column":22},"end":{"line":5,"column":23}},"loc":{"start":{"line":5,"column":35},"end":{"line":7,"column":1}},"line":5},"1":{"name":"(anonymous_1)","decl":{"start":{"line":9,"column":20},"end":{"line":9,"column":21}},"loc":{"start":{"line":9,"column":31},"end":{"line":11,"column":1}},"line":9}},"branchMap":{},"s":{"0":1,"1":1,"2":4,"3":1,"4":6,"5":1},"f":{"0":4,"1":6},"b":{},"_coverageSchema":"1a1c01bbd47fc00a2c39e90264f33305004495a9","hash":"021c957979e6f941d83db388ed997fc4e7123f2f"}
,"D:\\Bootcamp\\Fase 2\\Individual Project\\Individual-Project\\server\\middlewares\\authenticate.js": {"path":"D:\\Bootcamp\\Fase 2\\Individual Project\\Individual-Project\\server\\middlewares\\authenticate.js","statementMap":{"0":{"start":{"line":3,"column":19},"end":{"line":3,"column":39}},"1":{"start":{"line":4,"column":24},"end":{"line":4,"column":55}},"2":{"start":{"line":6,"column":25},"end":{"line":38,"column":1}},"3":{"start":{"line":7,"column":1},"end":{"line":37,"column":2}},"4":{"start":{"line":8,"column":16},"end":{"line":8,"column":41}},"5":{"start":{"line":9,"column":2},"end":{"line":12,"column":3}},"6":{"start":{"line":11,"column":3},"end":{"line":11,"column":39}},"7":{"start":{"line":14,"column":32},"end":{"line":14,"column":48}},"8":{"start":{"line":15,"column":2},"end":{"line":18,"column":3}},"9":{"start":{"line":17,"column":3},"end":{"line":17,"column":41}},"10":{"start":{"line":20,"column":18},"end":{"line":20,"column":42}},"11":{"start":{"line":21,"column":15},"end":{"line":21,"column":48}},"12":{"start":{"line":22,"column":2},"end":{"line":25,"column":3}},"13":{"start":{"line":24,"column":3},"end":{"line":24,"column":34}},"14":{"start":{"line":26,"column":2},"end":{"line":31,"column":4}},"15":{"start":{"line":33,"column":2},"end":{"line":33,"column":9}},"16":{"start":{"line":36,"column":2},"end":{"line":36,"column":14}},"17":{"start":{"line":40,"column":0},"end":{"line":40,"column":34}}},"fnMap":{"0":{"name":"(anonymous_0)","decl":{"start":{"line":6,"column":25},"end":{"line":6,"column":26}},"loc":{"start":{"line":6,"column":51},"end":{"line":38,"column":1}},"line":6}},"branchMap":{"0":{"loc":{"start":{"line":9,"column":2},"end":{"line":12,"column":3}},"type":"if","locations":[{"start":{"line":9,"column":2},"end":{"line":12,"column":3}},{"start":{},"end":{}}],"line":9},"1":{"loc":{"start":{"line":15,"column":2},"end":{"line":18,"column":3}},"type":"if","locations":[{"start":{"line":15,"column":2},"end":{"line":18,"column":3}},{"start":{},"end":{}}],"line":15},"2":{"loc":{"start":{"line":22,"column":2},"end":{"line":25,"column":3}},"type":"if","locations":[{"start":{"line":22,"column":2},"end":{"line":25,"column":3}},{"start":{},"end":{}}],"line":22}},"s":{"0":1,"1":1,"2":1,"3":7,"4":7,"5":7,"6":1,"7":6,"8":6,"9":0,"10":6,"11":5,"12":5,"13":0,"14":5,"15":5,"16":2,"17":1},"f":{"0":7},"b":{"0":[1,6],"1":[0,6],"2":[0,5]},"_coverageSchema":"1a1c01bbd47fc00a2c39e90264f33305004495a9","hash":"263dbb82228534a58cbabca64cd1e4fe4d1c78a0"}
,"D:\\Bootcamp\\Fase 2\\Individual Project\\Individual-Project\\server\\middlewares\\errorHandler.js": {"path":"D:\\Bootcamp\\Fase 2\\Individual Project\\Individual-Project\\server\\middlewares\\errorHandler.js","statementMap":{"0":{"start":{"line":3,"column":21},"end":{"line":34,"column":1}},"1":{"start":{"line":6,"column":1},"end":{"line":33,"column":2}},"2":{"start":{"line":12,"column":3},"end":{"line":12,"column":62}},"3":{"start":{"line":13,"column":3},"end":{"line":13,"column":9}},"4":{"start":{"line":16,"column":3},"end":{"line":16,"column":50}},"5":{"start":{"line":17,"column":3},"end":{"line":17,"column":9}},"6":{"start":{"line":22,"column":3},"end":{"line":22,"column":62}},"7":{"start":{"line":23,"column":3},"end":{"line":23,"column":9}},"8":{"start":{"line":27,"column":3},"end":{"line":27,"column":57}},"9":{"start":{"line":28,"column":3},"end":{"line":28,"column":9}},"10":{"start":{"line":31,"column":3},"end":{"line":31,"column":62}},"11":{"start":{"line":32,"column":3},"end":{"line":32,"column":9}},"12":{"start":{"line":36,"column":0},"end":{"line":36,"column":30}}},"fnMap":{"0":{"name":"(anonymous_0)","decl":{"start":{"line":3,"column":21},"end":{"line":3,"column":22}},"loc":{"start":{"line":3,"column":48},"end":{"line":34,"column":1}},"line":3}},"branchMap":{"0":{"loc":{"start":{"line":6,"column":1},"end":{"line":33,"column":2}},"type":"switch","locations":[{"start":{"line":7,"column":2},"end":{"line":7,"column":25}},{"start":{"line":8,"column":2},"end":{"line":8,"column":34}},{"start":{"line":9,"column":2},"end":{"line":9,"column":40}},{"start":{"line":10,"column":2},"end":{"line":10,"column":24}},{"start":{"line":11,"column":2},"end":{"line":13,"column":9}},{"start":{"line":15,"column":2},"end":{"line":17,"column":9}},{"start":{"line":19,"column":2},"end":{"line":19,"column":22}},{"start":{"line":20,"column":2},"end":{"line":20,"column":29}},{"start":{"line":21,"column":2},"end":{"line":23,"column":9}},{"start":{"line":25,"column":2},"end":{"line":25,"column":24}},{"start":{"line":26,"column":2},"end":{"line":28,"column":9}},{"start":{"line":30,"column":2},"end":{"line":32,"column":9}}],"line":6}},"s":{"0":1,"1":8,"2":2,"3":1,"4":2,"5":2,"6":3,"7":3,"8":0,"9":0,"10":1,"11":1,"12":1},"f":{"0":8},"b":{"0":[0,1,2,2,2,2,0,1,3,0,0,1]},"_coverageSchema":"1a1c01bbd47fc00a2c39e90264f33305004495a9","hash":"a7c5cb0ca8218d4c3315e3e5ef412a332575eb55"}
,"D:\\Bootcamp\\Fase 2\\Individual Project\\Individual-Project\\server\\models\\index.js": {"path":"D:\\Bootcamp\\Fase 2\\Individual Project\\Individual-Project\\server\\models\\index.js","statementMap":{"0":{"start":{"line":3,"column":11},"end":{"line":3,"column":24}},"1":{"start":{"line":4,"column":13},"end":{"line":4,"column":28}},"2":{"start":{"line":5,"column":18},"end":{"line":5,"column":38}},"3":{"start":{"line":6,"column":16},"end":{"line":6,"column":34}},"4":{"start":{"line":7,"column":17},"end":{"line":7,"column":42}},"5":{"start":{"line":8,"column":12},"end":{"line":8,"column":49}},"6":{"start":{"line":9,"column":15},"end":{"line":9,"column":65}},"7":{"start":{"line":10,"column":11},"end":{"line":10,"column":13}},"8":{"start":{"line":13,"column":0},"end":{"line":17,"column":1}},"9":{"start":{"line":14,"column":2},"end":{"line":14,"column":74}},"10":{"start":{"line":16,"column":2},"end":{"line":16,"column":87}},"11":{"start":{"line":19,"column":0},"end":{"line":32,"column":5}},"12":{"start":{"line":22,"column":4},"end":{"line":27,"column":6}},"13":{"start":{"line":30,"column":18},"end":{"line":30,"column":85}},"14":{"start":{"line":31,"column":4},"end":{"line":31,"column":27}},"15":{"start":{"line":34,"column":0},"end":{"line":38,"column":3}},"16":{"start":{"line":35,"column":2},"end":{"line":37,"column":3}},"17":{"start":{"line":36,"column":4},"end":{"line":36,"column":32}},"18":{"start":{"line":40,"column":0},"end":{"line":40,"column":25}},"19":{"start":{"line":41,"column":0},"end":{"line":41,"column":25}},"20":{"start":{"line":43,"column":0},"end":{"line":43,"column":20}}},"fnMap":{"0":{"name":"(anonymous_0)","decl":{"start":{"line":21,"column":10},"end":{"line":21,"column":11}},"loc":{"start":{"line":21,"column":18},"end":{"line":28,"column":3}},"line":21},"1":{"name":"(anonymous_1)","decl":{"start":{"line":29,"column":11},"end":{"line":29,"column":12}},"loc":{"start":{"line":29,"column":19},"end":{"line":32,"column":3}},"line":29},"2":{"name":"(anonymous_2)","decl":{"start":{"line":34,"column":24},"end":{"line":34,"column":25}},"loc":{"start":{"line":34,"column":37},"end":{"line":38,"column":1}},"line":34}},"branchMap":{"0":{"loc":{"start":{"line":8,"column":12},"end":{"line":8,"column":49}},"type":"binary-expr","locations":[{"start":{"line":8,"column":12},"end":{"line":8,"column":32}},{"start":{"line":8,"column":36},"end":{"line":8,"column":49}}],"line":8},"1":{"loc":{"start":{"line":13,"column":0},"end":{"line":17,"column":1}},"type":"if","locations":[{"start":{"line":13,"column":0},"end":{"line":17,"column":1}},{"start":{"line":15,"column":7},"end":{"line":17,"column":1}}],"line":13},"2":{"loc":{"start":{"line":23,"column":6},"end":{"line":26,"column":37}},"type":"binary-expr","locations":[{"start":{"line":23,"column":6},"end":{"line":23,"column":29}},{"start":{"line":24,"column":6},"end":{"line":24,"column":23}},{"start":{"line":25,"column":6},"end":{"line":25,"column":30}},{"start":{"line":26,"column":6},"end":{"line":26,"column":37}}],"line":23},"3":{"loc":{"start":{"line":35,"column":2},"end":{"line":37,"column":3}},"type":"if","locations":[{"start":{"line":35,"column":2},"end":{"line":37,"column":3}},{"start":{},"end":{}}],"line":35}},"s":{"0":1,"1":1,"2":1,"3":1,"4":1,"5":1,"6":1,"7":1,"8":1,"9":0,"10":1,"11":1,"12":5,"13":4,"14":4,"15":1,"16":4,"17":4,"18":1,"19":1,"20":1},"f":{"0":5,"1":4,"2":4},"b":{"0":[1,0],"1":[0,1],"2":[5,5,4,4],"3":[4,0]},"_coverageSchema":"1a1c01bbd47fc00a2c39e90264f33305004495a9","hash":"6130c0a258a73bfefacf1605168c3a28c4eaa85d"}
,"D:\\Bootcamp\\Fase 2\\Individual Project\\Individual-Project\\server\\models\\mypokemon.js": {"path":"D:\\Bootcamp\\Fase 2\\Individual Project\\Individual-Project\\server\\models\\mypokemon.js","statementMap":{"0":{"start":{"line":4,"column":18},"end":{"line":4,"column":38}},"1":{"start":{"line":5,"column":0},"end":{"line":41,"column":2}},"2":{"start":{"line":8,"column":3},"end":{"line":8,"column":66}},"3":{"start":{"line":9,"column":3},"end":{"line":9,"column":68}},"4":{"start":{"line":12,"column":1},"end":{"line":39,"column":3}},"5":{"start":{"line":40,"column":1},"end":{"line":40,"column":18}}},"fnMap":{"0":{"name":"(anonymous_0)","decl":{"start":{"line":5,"column":17},"end":{"line":5,"column":18}},"loc":{"start":{"line":5,"column":43},"end":{"line":41,"column":1}},"line":5},"1":{"name":"(anonymous_1)","decl":{"start":{"line":7,"column":2},"end":{"line":7,"column":3}},"loc":{"start":{"line":7,"column":27},"end":{"line":10,"column":3}},"line":7}},"branchMap":{},"s":{"0":1,"1":1,"2":1,"3":1,"4":1,"5":1},"f":{"0":1,"1":1},"b":{},"_coverageSchema":"1a1c01bbd47fc00a2c39e90264f33305004495a9","hash":"b046bf0164ef7cbe0572a760b6993a5240c70fef"}
,"D:\\Bootcamp\\Fase 2\\Individual Project\\Individual-Project\\server\\models\\order.js": {"path":"D:\\Bootcamp\\Fase 2\\Individual Project\\Individual-Project\\server\\models\\order.js","statementMap":{"0":{"start":{"line":4,"column":18},"end":{"line":4,"column":38}},"1":{"start":{"line":5,"column":0},"end":{"line":62,"column":2}},"2":{"start":{"line":8,"column":3},"end":{"line":8,"column":56}},"3":{"start":{"line":11,"column":1},"end":{"line":60,"column":3}},"4":{"start":{"line":61,"column":1},"end":{"line":61,"column":14}}},"fnMap":{"0":{"name":"(anonymous_0)","decl":{"start":{"line":5,"column":17},"end":{"line":5,"column":18}},"loc":{"start":{"line":5,"column":43},"end":{"line":62,"column":1}},"line":5},"1":{"name":"(anonymous_1)","decl":{"start":{"line":7,"column":2},"end":{"line":7,"column":3}},"loc":{"start":{"line":7,"column":27},"end":{"line":9,"column":3}},"line":7}},"branchMap":{},"s":{"0":1,"1":1,"2":1,"3":1,"4":1},"f":{"0":1,"1":1},"b":{},"_coverageSchema":"1a1c01bbd47fc00a2c39e90264f33305004495a9","hash":"216197df1d3b784faf35218ac3634e289bd66248"}
,"D:\\Bootcamp\\Fase 2\\Individual Project\\Individual-Project\\server\\models\\player.js": {"path":"D:\\Bootcamp\\Fase 2\\Individual Project\\Individual-Project\\server\\models\\player.js","statementMap":{"0":{"start":{"line":4,"column":18},"end":{"line":4,"column":38}},"1":{"start":{"line":5,"column":15},"end":{"line":5,"column":49}},"2":{"start":{"line":7,"column":0},"end":{"line":79,"column":2}},"3":{"start":{"line":10,"column":3},"end":{"line":10,"column":64}},"4":{"start":{"line":11,"column":3},"end":{"line":11,"column":60}},"5":{"start":{"line":14,"column":1},"end":{"line":77,"column":3}},"6":{"start":{"line":73,"column":5},"end":{"line":73,"column":66}},"7":{"start":{"line":78,"column":1},"end":{"line":78,"column":15}}},"fnMap":{"0":{"name":"(anonymous_0)","decl":{"start":{"line":7,"column":17},"end":{"line":7,"column":18}},"loc":{"start":{"line":7,"column":43},"end":{"line":79,"column":1}},"line":7},"1":{"name":"(anonymous_1)","decl":{"start":{"line":9,"column":2},"end":{"line":9,"column":3}},"loc":{"start":{"line":9,"column":27},"end":{"line":12,"column":3}},"line":9},"2":{"name":"(anonymous_2)","decl":{"start":{"line":72,"column":18},"end":{"line":72,"column":19}},"loc":{"start":{"line":72,"column":36},"end":{"line":74,"column":5}},"line":72}},"branchMap":{},"s":{"0":1,"1":1,"2":1,"3":1,"4":1,"5":1,"6":2,"7":1},"f":{"0":1,"1":1,"2":2},"b":{},"_coverageSchema":"1a1c01bbd47fc00a2c39e90264f33305004495a9","hash":"b8f06136358447629716f7fb81a99600e7049ab1"}
,"D:\\Bootcamp\\Fase 2\\Individual Project\\Individual-Project\\server\\models\\pokemon.js": {"path":"D:\\Bootcamp\\Fase 2\\Individual Project\\Individual-Project\\server\\models\\pokemon.js","statementMap":{"0":{"start":{"line":4,"column":18},"end":{"line":4,"column":38}},"1":{"start":{"line":5,"column":0},"end":{"line":150,"column":2}},"2":{"start":{"line":8,"column":3},"end":{"line":12,"column":5}},"3":{"start":{"line":15,"column":1},"end":{"line":148,"column":3}},"4":{"start":{"line":149,"column":1},"end":{"line":149,"column":16}}},"fnMap":{"0":{"name":"(anonymous_0)","decl":{"start":{"line":5,"column":17},"end":{"line":5,"column":18}},"loc":{"start":{"line":5,"column":43},"end":{"line":150,"column":1}},"line":5},"1":{"name":"(anonymous_1)","decl":{"start":{"line":7,"column":2},"end":{"line":7,"column":3}},"loc":{"start":{"line":7,"column":27},"end":{"line":13,"column":3}},"line":7}},"branchMap":{},"s":{"0":1,"1":1,"2":1,"3":1,"4":1},"f":{"0":1,"1":1},"b":{},"_coverageSchema":"1a1c01bbd47fc00a2c39e90264f33305004495a9","hash":"067c6e402fa6a6cf9cac5674d112272b5f3e73c9"}
,"D:\\Bootcamp\\Fase 2\\Individual Project\\Individual-Project\\server\\routes\\index.js": {"path":"D:\\Bootcamp\\Fase 2\\Individual Project\\Individual-Project\\server\\routes\\index.js","statementMap":{"0":{"start":{"line":3,"column":16},"end":{"line":3,"column":34}},"1":{"start":{"line":4,"column":15},"end":{"line":4,"column":31}},"2":{"start":{"line":5,"column":21},"end":{"line":5,"column":46}},"3":{"start":{"line":6,"column":22},"end":{"line":6,"column":48}},"4":{"start":{"line":7,"column":24},"end":{"line":7,"column":51}},"5":{"start":{"line":8,"column":20},"end":{"line":8,"column":43}},"6":{"start":{"line":10,"column":0},"end":{"line":12,"column":3}},"7":{"start":{"line":11,"column":1},"end":{"line":11,"column":50}},"8":{"start":{"line":14,"column":0},"end":{"line":14,"column":37}},"9":{"start":{"line":15,"column":0},"end":{"line":15,"column":39}},"10":{"start":{"line":16,"column":0},"end":{"line":16,"column":43}},"11":{"start":{"line":17,"column":0},"end":{"line":17,"column":35}},"12":{"start":{"line":19,"column":0},"end":{"line":19,"column":24}}},"fnMap":{"0":{"name":"(anonymous_0)","decl":{"start":{"line":10,"column":16},"end":{"line":10,"column":17}},"loc":{"start":{"line":10,"column":30},"end":{"line":12,"column":1}},"line":10}},"branchMap":{},"s":{"0":1,"1":1,"2":1,"3":1,"4":1,"5":1,"6":1,"7":0,"8":1,"9":1,"10":1,"11":1,"12":1},"f":{"0":0},"b":{},"_coverageSchema":"1a1c01bbd47fc00a2c39e90264f33305004495a9","hash":"7aef65981d3f80142a60b6c433ca6e619a3b090f"}
,"D:\\Bootcamp\\Fase 2\\Individual Project\\Individual-Project\\server\\routes\\myPokemonRoute.js": {"path":"D:\\Bootcamp\\Fase 2\\Individual Project\\Individual-Project\\server\\routes\\myPokemonRoute.js","statementMap":{"0":{"start":{"line":3,"column":16},"end":{"line":3,"column":34}},"1":{"start":{"line":4,"column":15},"end":{"line":4,"column":31}},"2":{"start":{"line":6,"column":28},"end":{"line":6,"column":73}},"3":{"start":{"line":7,"column":21},"end":{"line":7,"column":59}},"4":{"start":{"line":9,"column":0},"end":{"line":9,"column":65}},"5":{"start":{"line":10,"column":0},"end":{"line":10,"column":70}},"6":{"start":{"line":11,"column":0},"end":{"line":11,"column":71}},"7":{"start":{"line":13,"column":0},"end":{"line":13,"column":24}}},"fnMap":{},"branchMap":{},"s":{"0":1,"1":1,"2":1,"3":1,"4":1,"5":1,"6":1,"7":1},"f":{},"b":{},"_coverageSchema":"1a1c01bbd47fc00a2c39e90264f33305004495a9","hash":"30307961a77b9e367bc7100e4651618fc40e7dc6"}
,"D:\\Bootcamp\\Fase 2\\Individual Project\\Individual-Project\\server\\routes\\orderRoute.js": {"path":"D:\\Bootcamp\\Fase 2\\Individual Project\\Individual-Project\\server\\routes\\orderRoute.js","statementMap":{"0":{"start":{"line":3,"column":16},"end":{"line":3,"column":34}},"1":{"start":{"line":4,"column":15},"end":{"line":4,"column":31}},"2":{"start":{"line":5,"column":21},"end":{"line":5,"column":59}},"3":{"start":{"line":6,"column":24},"end":{"line":6,"column":65}},"4":{"start":{"line":8,"column":0},"end":{"line":8,"column":69}},"5":{"start":{"line":9,"column":0},"end":{"line":9,"column":71}},"6":{"start":{"line":11,"column":0},"end":{"line":11,"column":24}}},"fnMap":{},"branchMap":{},"s":{"0":1,"1":1,"2":1,"3":1,"4":1,"5":1,"6":1},"f":{},"b":{},"_coverageSchema":"1a1c01bbd47fc00a2c39e90264f33305004495a9","hash":"31c0ff332f7b8a29e50e1e0ff7cf0da7ea515d34"}
,"D:\\Bootcamp\\Fase 2\\Individual Project\\Individual-Project\\server\\routes\\playerRoutes.js": {"path":"D:\\Bootcamp\\Fase 2\\Individual Project\\Individual-Project\\server\\routes\\playerRoutes.js","statementMap":{"0":{"start":{"line":3,"column":16},"end":{"line":3,"column":34}},"1":{"start":{"line":4,"column":15},"end":{"line":4,"column":31}},"2":{"start":{"line":6,"column":25},"end":{"line":6,"column":67}},"3":{"start":{"line":7,"column":21},"end":{"line":7,"column":59}},"4":{"start":{"line":9,"column":0},"end":{"line":9,"column":52}},"5":{"start":{"line":10,"column":0},"end":{"line":10,"column":46}},"6":{"start":{"line":11,"column":0},"end":{"line":11,"column":71}},"7":{"start":{"line":13,"column":0},"end":{"line":13,"column":24}}},"fnMap":{},"branchMap":{},"s":{"0":1,"1":1,"2":1,"3":1,"4":1,"5":1,"6":1,"7":1},"f":{},"b":{},"_coverageSchema":"1a1c01bbd47fc00a2c39e90264f33305004495a9","hash":"53b76172045961bd6462795b904467dbddb86b27"}
,"D:\\Bootcamp\\Fase 2\\Individual Project\\Individual-Project\\server\\routes\\pokemonRoutes.js": {"path":"D:\\Bootcamp\\Fase 2\\Individual Project\\Individual-Project\\server\\routes\\pokemonRoutes.js","statementMap":{"0":{"start":{"line":3,"column":16},"end":{"line":3,"column":34}},"1":{"start":{"line":4,"column":15},"end":{"line":4,"column":31}},"2":{"start":{"line":6,"column":26},"end":{"line":6,"column":69}},"3":{"start":{"line":8,"column":0},"end":{"line":8,"column":47}},"4":{"start":{"line":9,"column":0},"end":{"line":9,"column":52}},"5":{"start":{"line":11,"column":0},"end":{"line":11,"column":24}}},"fnMap":{},"branchMap":{},"s":{"0":1,"1":1,"2":1,"3":1,"4":1,"5":1},"f":{},"b":{},"_coverageSchema":"1a1c01bbd47fc00a2c39e90264f33305004495a9","hash":"3bd690acef97a474b1f460ec5f39885c9ffa315e"}
}
