TN:
SF:app.js
FNF:0
FNH:0
DA:3,4
DA:4,4
DA:5,4
DA:7,4
DA:8,4
DA:9,4
DA:10,4
DA:12,4
DA:15,4
DA:16,4
DA:17,4
DA:19,4
DA:20,4
DA:22,4
LF:14
LH:14
BRDA:3,0,0,4
BRDA:3,0,1,0
BRF:2
BRH:1
end_of_record
TN:
SF:controllers\myPokemonController.js
FN:6,(anonymous_0)
FN:17,(anonymous_1)
FN:40,(anonymous_2)
FN:95,(anonymous_3)
FNF:4
FNH:0
FNDA:0,(anonymous_0)
FNDA:0,(anonymous_1)
FNDA:0,(anonymous_2)
FNDA:0,(anonymous_3)
DA:3,4
DA:7,0
DA:8,0
DA:10,0
DA:17,0
DA:33,0
DA:36,0
DA:41,0
DA:43,0
DA:45,0
DA:46,0
DA:47,0
DA:50,0
DA:51,0
DA:53,0
DA:54,0
DA:55,0
DA:58,0
DA:70,0
DA:75,0
DA:91,0
DA:96,0
DA:97,0
DA:98,0
DA:100,0
DA:104,0
DA:105,0
DA:108,0
DA:110,0
DA:113,0
DA:118,4
LF:31
LH:2
BRDA:46,0,0,0
BRDA:46,0,1,0
BRDA:54,1,0,0
BRDA:54,1,1,0
BRDA:104,2,0,0
BRDA:104,2,1,0
BRF:6
BRH:0
end_of_record
TN:
SF:controllers\orderController.js
FN:8,(anonymous_0)
FN:52,(anonymous_1)
FNF:2
FNH:0
FNDA:0,(anonymous_0)
FNDA:0,(anonymous_1)
DA:3,4
DA:4,4
DA:5,4
DA:9,0
DA:10,0
DA:12,0
DA:13,0
DA:15,0
DA:20,0
DA:30,0
DA:39,0
DA:46,0
DA:48,0
DA:53,0
DA:54,0
DA:56,0
DA:61,0
DA:62,0
DA:65,0
DA:66,0
DA:67,0
DA:70,0
DA:71,0
DA:74,0
DA:75,0
DA:77,0
DA:79,0
DA:84,4
LF:28
LH:4
BRDA:61,0,0,0
BRDA:61,0,1,0
BRDA:66,1,0,0
BRDA:66,1,1,0
BRDA:70,2,0,0
BRDA:70,2,1,0
BRF:6
BRH:0
end_of_record
TN:
SF:controllers\playerController.js
FN:8,(anonymous_0)
FN:32,(anonymous_1)
FN:53,(anonymous_2)
FN:89,(anonymous_3)
FNF:4
FNH:0
FNDA:0,(anonymous_0)
FNDA:0,(anonymous_1)
FNDA:0,(anonymous_2)
FNDA:0,(anonymous_3)
DA:3,4
DA:4,4
DA:5,4
DA:9,0
DA:10,0
DA:11,0
DA:12,0
DA:13,0
DA:16,0
DA:21,0
DA:28,0
DA:33,0
DA:34,0
DA:35,0
DA:36,0
DA:39,0
DA:41,0
DA:42,0
DA:45,0
DA:46,0
DA:49,0
DA:54,0
DA:55,0
DA:56,0
DA:60,0
DA:61,0
DA:72,0
DA:81,0
DA:83,0
DA:85,0
DA:90,0
DA:91,0
DA:93,0
DA:97,0
DA:98,0
DA:101,0
DA:103,0
DA:108,4
LF:38
LH:4
BRDA:12,0,0,0
BRDA:12,0,1,0
BRDA:35,1,0,0
BRDA:35,1,1,0
BRDA:35,2,0,0
BRDA:35,2,1,0
BRDA:41,3,0,0
BRDA:41,3,1,0
BRDA:41,4,0,0
BRDA:41,4,1,0
BRDA:97,5,0,0
BRDA:97,5,1,0
BRF:12
BRH:0
end_of_record
TN:
SF:controllers\pokemonController.js
FN:7,(anonymous_0)
FN:46,(anonymous_1)
FNF:2
FNH:0
FNDA:0,(anonymous_0)
FNDA:0,(anonymous_1)
DA:3,4
DA:4,4
DA:8,0
DA:9,0
DA:10,0
DA:12,0
DA:19,0
DA:20,0
DA:21,0
DA:22,0
DA:24,0
DA:25,0
DA:28,0
DA:31,0
DA:32,0
DA:33,0
DA:36,0
DA:37,0
DA:39,0
DA:41,0
DA:42,0
DA:47,0
DA:48,0
DA:49,0
DA:51,0
DA:52,0
DA:55,0
DA:58,0
DA:63,4
LF:29
LH:3
BRDA:9,0,0,0
BRDA:19,1,0,0
BRDA:19,1,1,0
BRDA:19,2,0,0
BRDA:19,2,1,0
BRDA:21,3,0,0
BRDA:21,3,1,0
BRDA:24,4,0,0
BRDA:24,4,1,0
BRDA:31,5,0,0
BRDA:31,5,1,0
BRDA:32,6,0,0
BRDA:32,6,1,0
BRDA:51,7,0,0
BRDA:51,7,1,0
BRF:15
BRH:0
end_of_record
TN:
SF:helpers\bcryptHelper.js
FN:5,(anonymous_0)
FN:10,(anonymous_1)
FNF:2
FNH:1
FNDA:1,(anonymous_0)
FNDA:0,(anonymous_1)
DA:3,4
DA:5,4
DA:6,1
DA:7,1
DA:10,4
DA:11,0
DA:14,4
LF:7
LH:6
BRF:0
BRH:0
end_of_record
TN:
SF:helpers\jwtHelper.js
FN:5,(anonymous_0)
FN:9,(anonymous_1)
FNF:2
FNH:0
FNDA:0,(anonymous_0)
FNDA:0,(anonymous_1)
DA:3,4
DA:5,4
DA:6,0
DA:9,4
DA:10,0
DA:13,4
LF:6
LH:4
BRF:0
BRH:0
end_of_record
TN:
SF:middlewares\authenticate.js
FN:6,(anonymous_0)
FNF:1
FNH:0
FNDA:0,(anonymous_0)
DA:3,4
DA:4,4
DA:6,4
DA:7,0
DA:8,0
DA:9,0
DA:11,0
DA:14,0
DA:15,0
DA:17,0
DA:20,0
DA:21,0
DA:22,0
DA:24,0
DA:26,0
DA:32,0
DA:35,0
DA:39,4
LF:18
LH:4
BRDA:9,0,0,0
BRDA:9,0,1,0
BRDA:15,1,0,0
BRDA:15,1,1,0
BRDA:22,2,0,0
BRDA:22,2,1,0
BRF:6
BRH:0
end_of_record
TN:
SF:middlewares\errorHandler.js
FN:3,(anonymous_0)
FNF:1
FNH:0
FNDA:0,(anonymous_0)
DA:3,4
DA:4,0
DA:6,0
DA:12,0
DA:13,0
DA:16,0
DA:17,0
DA:22,0
DA:23,0
DA:27,0
DA:28,0
DA:31,0
DA:32,0
DA:36,4
LF:14
LH:2
BRDA:6,0,0,0
BRDA:6,0,1,0
BRDA:6,0,2,0
BRDA:6,0,3,0
BRDA:6,0,4,0
BRDA:6,0,5,0
BRDA:6,0,6,0
BRDA:6,0,7,0
BRDA:6,0,8,0
BRDA:6,0,9,0
BRDA:6,0,10,0
BRDA:6,0,11,0
BRF:12
BRH:0
end_of_record
TN:
SF:models\index.js
FN:21,(anonymous_0)
FN:29,(anonymous_1)
FN:34,(anonymous_2)
FNF:3
FNH:3
FNDA:20,(anonymous_0)
FNDA:16,(anonymous_1)
FNDA:16,(anonymous_2)
DA:3,4
DA:4,4
DA:5,4
DA:6,4
DA:7,4
DA:8,4
DA:9,4
DA:10,4
DA:13,4
DA:14,0
DA:16,4
DA:19,4
DA:22,20
DA:30,16
DA:31,16
DA:34,4
DA:35,16
DA:36,16
DA:40,4
DA:41,4
DA:43,4
LF:21
LH:20
BRDA:8,0,0,4
BRDA:8,0,1,0
BRDA:13,1,0,0
BRDA:13,1,1,4
BRDA:23,2,0,20
BRDA:23,2,1,20
BRDA:23,2,2,16
BRDA:23,2,3,16
BRDA:35,3,0,16
BRDA:35,3,1,0
BRF:10
BRH:7
end_of_record
TN:
SF:models\mypokemon.js
FN:5,(anonymous_0)
FN:7,(anonymous_1)
FNF:2
FNH:2
FNDA:4,(anonymous_0)
FNDA:4,(anonymous_1)
DA:4,4
DA:5,4
DA:8,4
DA:9,4
DA:12,4
DA:40,4
LF:6
LH:6
BRF:0
BRH:0
end_of_record
TN:
SF:models\order.js
FN:5,(anonymous_0)
FN:7,(anonymous_1)
FNF:2
FNH:2
FNDA:4,(anonymous_0)
FNDA:4,(anonymous_1)
DA:4,4
DA:5,4
DA:8,4
DA:11,4
DA:61,4
LF:5
LH:5
BRF:0
BRH:0
end_of_record
TN:
SF:models\player.js
FN:7,(anonymous_0)
FN:9,(anonymous_1)
FN:72,(anonymous_2)
FNF:3
FNH:3
FNDA:4,(anonymous_0)
FNDA:4,(anonymous_1)
FNDA:1,(anonymous_2)
DA:4,4
DA:5,4
DA:7,4
DA:10,4
DA:11,4
DA:14,4
DA:73,1
DA:78,4
LF:8
LH:8
BRF:0
BRH:0
end_of_record
TN:
SF:models\pokemon.js
FN:5,(anonymous_0)
FN:7,(anonymous_1)
FNF:2
FNH:2
FNDA:4,(anonymous_0)
FNDA:4,(anonymous_1)
DA:4,4
DA:5,4
DA:8,4
DA:15,4
DA:149,4
LF:5
LH:5
BRF:0
BRH:0
end_of_record
TN:
SF:routes\index.js
FN:10,(anonymous_0)
FNF:1
FNH:0
FNDA:0,(anonymous_0)
DA:3,4
DA:4,4
DA:5,4
DA:6,4
DA:7,4
DA:8,4
DA:10,4
DA:11,0
DA:14,4
DA:15,4
DA:16,4
DA:17,4
DA:19,4
LF:13
LH:12
BRF:0
BRH:0
end_of_record
TN:
SF:routes\myPokemonRoute.js
FNF:0
FNH:0
DA:3,4
DA:4,4
DA:6,4
DA:7,4
DA:9,4
DA:10,4
DA:11,4
DA:13,4
LF:8
LH:8
BRF:0
BRH:0
end_of_record
TN:
SF:routes\orderRoute.js
FNF:0
FNH:0
DA:3,4
DA:4,4
DA:5,4
DA:6,4
DA:8,4
DA:9,4
DA:11,4
LF:7
LH:7
BRF:0
BRH:0
end_of_record
TN:
SF:routes\playerRoutes.js
FNF:0
FNH:0
DA:3,4
DA:4,4
DA:6,4
DA:7,4
DA:9,4
DA:10,4
DA:11,4
DA:13,4
LF:8
LH:8
BRF:0
BRH:0
end_of_record
TN:
SF:routes\pokemonRoutes.js
FNF:0
FNH:0
DA:3,4
DA:4,4
DA:6,4
DA:8,4
DA:9,4
DA:11,4
LF:6
LH:6
BRF:0
BRH:0
end_of_record
