TN:
SF:app.js
FNF:0
FNH:0
DA:3,1
DA:4,1
DA:5,1
DA:7,1
DA:8,1
DA:9,1
DA:10,1
DA:12,1
DA:15,1
DA:16,1
DA:17,1
DA:19,1
DA:20,1
DA:22,1
LF:14
LH:14
BRDA:3,0,0,1
BRDA:3,0,1,0
BRF:2
BRH:1
end_of_record
TN:
SF:controllers\myPokemonController.js
FN:6,(anonymous_0)
FN:17,(anonymous_1)
FN:39,(anonymous_2)
FN:93,(anonymous_3)
FNF:4
FNH:3
FNDA:1,(anonymous_0)
FNDA:0,(anonymous_1)
FNDA:1,(anonymous_2)
FNDA:1,(anonymous_3)
DA:3,1
DA:7,1
DA:8,1
DA:10,1
DA:17,1
DA:33,1
DA:35,0
DA:40,1
DA:42,1
DA:44,1
DA:45,1
DA:46,0
DA:49,1
DA:50,1
DA:52,1
DA:53,1
DA:54,0
DA:57,1
DA:69,1
DA:74,1
DA:89,0
DA:94,1
DA:95,1
DA:96,1
DA:98,1
DA:105,1
DA:106,0
DA:109,1
DA:111,1
DA:113,0
DA:118,1
LF:31
LH:25
BRDA:45,0,0,0
BRDA:45,0,1,1
BRDA:53,1,0,0
BRDA:53,1,1,1
BRDA:105,2,0,0
BRDA:105,2,1,1
BRF:6
BRH:3
end_of_record
TN:
SF:controllers\orderController.js
FN:8,(anonymous_0)
FN:51,(anonymous_1)
FNF:2
FNH:1
FNDA:1,(anonymous_0)
FNDA:0,(anonymous_1)
DA:3,1
DA:4,1
DA:5,1
DA:9,1
DA:10,1
DA:11,1
DA:12,1
DA:13,1
DA:14,0
DA:17,1
DA:22,1
DA:24,1
DA:31,1
DA:42,1
DA:45,1
DA:47,0
DA:52,0
DA:55,0
DA:56,0
DA:57,0
DA:58,0
DA:61,0
DA:65,0
DA:67,0
DA:68,0
DA:69,0
DA:74,0
DA:79,0
DA:82,0
DA:84,0
DA:89,1
LF:31
LH:15
BRDA:13,0,0,0
BRDA:13,0,1,1
BRDA:57,1,0,0
BRDA:57,1,1,0
BRDA:61,2,0,0
BRDA:61,2,1,0
BRDA:62,3,0,0
BRDA:62,3,1,0
BRDA:62,3,2,0
BRDA:68,4,0,0
BRDA:68,4,1,0
BRDA:74,5,0,0
BRDA:74,5,1,0
BRDA:75,6,0,0
BRDA:75,6,1,0
BRDA:75,6,2,0
BRF:16
BRH:1
end_of_record
TN:
SF:controllers\playerController.js
FN:9,(anonymous_0)
FN:33,(anonymous_1)
FN:54,(anonymous_2)
FN:89,(anonymous_3)
FNF:4
FNH:3
FNDA:3,(anonymous_0)
FNDA:4,(anonymous_1)
FNDA:0,(anonymous_2)
FNDA:1,(anonymous_3)
DA:3,1
DA:4,1
DA:5,1
DA:6,1
DA:10,3
DA:11,3
DA:12,3
DA:13,3
DA:14,1
DA:17,2
DA:22,1
DA:29,2
DA:34,4
DA:35,4
DA:36,4
DA:37,0
DA:40,4
DA:42,4
DA:43,0
DA:46,4
DA:47,4
DA:50,0
DA:55,0
DA:56,0
DA:58,0
DA:59,0
DA:64,0
DA:65,0
DA:68,0
DA:69,0
DA:70,0
DA:80,0
DA:81,0
DA:85,0
DA:90,1
DA:91,1
DA:92,1
DA:94,1
DA:95,1
DA:98,0
DA:100,1
DA:105,1
LF:42
LH:26
BRDA:13,0,0,1
BRDA:13,0,1,2
BRDA:36,1,0,0
BRDA:36,1,1,4
BRDA:36,2,0,4
BRDA:36,2,1,4
BRDA:42,3,0,0
BRDA:42,3,1,4
BRDA:42,4,0,4
BRDA:42,4,1,4
BRDA:69,5,0,0
BRDA:69,5,1,0
BRDA:94,6,0,1
BRDA:94,6,1,0
BRF:14
BRH:9
end_of_record
TN:
SF:controllers\pokemonController.js
FN:7,(anonymous_0)
FN:46,(anonymous_1)
FNF:2
FNH:2
FNDA:1,(anonymous_0)
FNDA:2,(anonymous_1)
DA:3,1
DA:4,1
DA:8,1
DA:9,1
DA:10,1
DA:12,1
DA:19,1
DA:20,0
DA:21,0
DA:22,0
DA:24,0
DA:25,0
DA:28,0
DA:31,1
DA:32,0
DA:33,0
DA:36,1
DA:37,1
DA:39,1
DA:41,0
DA:42,0
DA:47,2
DA:48,2
DA:49,2
DA:51,2
DA:52,1
DA:55,1
DA:57,1
DA:62,1
LF:29
LH:19
BRDA:9,0,0,1
BRDA:19,1,0,0
BRDA:19,1,1,1
BRDA:19,2,0,1
BRDA:19,2,1,1
BRDA:21,3,0,0
BRDA:21,3,1,0
BRDA:24,4,0,0
BRDA:24,4,1,0
BRDA:31,5,0,0
BRDA:31,5,1,1
BRDA:32,6,0,0
BRDA:32,6,1,0
BRDA:51,7,0,1
BRDA:51,7,1,1
BRF:15
BRH:7
end_of_record
TN:
SF:helpers\bcryptHelper.js
FN:5,(anonymous_0)
FN:10,(anonymous_1)
FNF:2
FNH:2
FNDA:2,(anonymous_0)
FNDA:4,(anonymous_1)
DA:3,1
DA:5,1
DA:6,2
DA:7,2
DA:10,1
DA:11,4
DA:14,1
LF:7
LH:7
BRF:0
BRH:0
end_of_record
TN:
SF:helpers\jwtHelper.js
FN:5,(anonymous_0)
FN:9,(anonymous_1)
FNF:2
FNH:2
FNDA:4,(anonymous_0)
FNDA:6,(anonymous_1)
DA:3,1
DA:5,1
DA:6,4
DA:9,1
DA:10,6
DA:13,1
LF:6
LH:6
BRF:0
BRH:0
end_of_record
TN:
SF:middlewares\authenticate.js
FN:6,(anonymous_0)
FNF:1
FNH:1
FNDA:8,(anonymous_0)
DA:3,1
DA:4,1
DA:6,1
DA:7,8
DA:8,8
DA:9,8
DA:11,2
DA:14,6
DA:15,6
DA:17,0
DA:20,6
DA:21,5
DA:22,5
DA:24,0
DA:26,5
DA:33,5
DA:36,3
DA:40,1
LF:18
LH:16
BRDA:9,0,0,2
BRDA:9,0,1,6
BRDA:15,1,0,0
BRDA:15,1,1,6
BRDA:22,2,0,0
BRDA:22,2,1,5
BRF:6
BRH:4
end_of_record
TN:
SF:middlewares\errorHandler.js
FN:3,(anonymous_0)
FNF:1
FNH:1
FNDA:7,(anonymous_0)
DA:3,1
DA:6,7
DA:12,2
DA:13,1
DA:16,2
DA:17,2
DA:22,3
DA:23,3
DA:27,0
DA:28,0
DA:31,0
DA:32,0
DA:36,1
LF:13
LH:9
BRDA:6,0,0,0
BRDA:6,0,1,1
BRDA:6,0,2,2
BRDA:6,0,3,2
BRDA:6,0,4,2
BRDA:6,0,5,2
BRDA:6,0,6,0
BRDA:6,0,7,0
BRDA:6,0,8,3
BRDA:6,0,9,0
BRDA:6,0,10,0
BRDA:6,0,11,0
BRF:12
BRH:6
end_of_record
TN:
SF:models\index.js
FN:21,(anonymous_0)
FN:29,(anonymous_1)
FN:34,(anonymous_2)
FNF:3
FNH:3
FNDA:5,(anonymous_0)
FNDA:4,(anonymous_1)
FNDA:4,(anonymous_2)
DA:3,1
DA:4,1
DA:5,1
DA:6,1
DA:7,1
DA:8,1
DA:9,1
DA:10,1
DA:13,1
DA:14,0
DA:16,1
DA:19,1
DA:22,5
DA:30,4
DA:31,4
DA:34,1
DA:35,4
DA:36,4
DA:40,1
DA:41,1
DA:43,1
LF:21
LH:20
BRDA:8,0,0,1
BRDA:8,0,1,0
BRDA:13,1,0,0
BRDA:13,1,1,1
BRDA:23,2,0,5
BRDA:23,2,1,5
BRDA:23,2,2,4
BRDA:23,2,3,4
BRDA:35,3,0,4
BRDA:35,3,1,0
BRF:10
BRH:7
end_of_record
TN:
SF:models\mypokemon.js
FN:5,(anonymous_0)
FN:7,(anonymous_1)
FNF:2
FNH:2
FNDA:1,(anonymous_0)
FNDA:1,(anonymous_1)
DA:4,1
DA:5,1
DA:8,1
DA:9,1
DA:12,1
DA:40,1
LF:6
LH:6
BRF:0
BRH:0
end_of_record
TN:
SF:models\order.js
FN:5,(anonymous_0)
FN:7,(anonymous_1)
FNF:2
FNH:2
FNDA:1,(anonymous_0)
FNDA:1,(anonymous_1)
DA:4,1
DA:5,1
DA:8,1
DA:11,1
DA:61,1
LF:5
LH:5
BRF:0
BRH:0
end_of_record
TN:
SF:models\player.js
FN:7,(anonymous_0)
FN:9,(anonymous_1)
FN:72,(anonymous_2)
FNF:3
FNH:3
FNDA:1,(anonymous_0)
FNDA:1,(anonymous_1)
FNDA:2,(anonymous_2)
DA:4,1
DA:5,1
DA:7,1
DA:10,1
DA:11,1
DA:14,1
DA:73,2
DA:78,1
LF:8
LH:8
BRF:0
BRH:0
end_of_record
TN:
SF:models\pokemon.js
FN:5,(anonymous_0)
FN:7,(anonymous_1)
FNF:2
FNH:2
FNDA:1,(anonymous_0)
FNDA:1,(anonymous_1)
DA:4,1
DA:5,1
DA:8,1
DA:15,1
DA:149,1
LF:5
LH:5
BRF:0
BRH:0
end_of_record
TN:
SF:routes\index.js
FN:10,(anonymous_0)
FNF:1
FNH:0
FNDA:0,(anonymous_0)
DA:3,1
DA:4,1
DA:5,1
DA:6,1
DA:7,1
DA:8,1
DA:10,1
DA:11,0
DA:14,1
DA:15,1
DA:16,1
DA:17,1
DA:19,1
LF:13
LH:12
BRF:0
BRH:0
end_of_record
TN:
SF:routes\myPokemonRoute.js
FNF:0
FNH:0
DA:3,1
DA:4,1
DA:6,1
DA:7,1
DA:9,1
DA:10,1
DA:11,1
DA:13,1
LF:8
LH:8
BRF:0
BRH:0
end_of_record
TN:
SF:routes\orderRoute.js
FNF:0
FNH:0
DA:3,1
DA:4,1
DA:5,1
DA:6,1
DA:8,1
DA:9,1
DA:11,1
LF:7
LH:7
BRF:0
BRH:0
end_of_record
TN:
SF:routes\playerRoutes.js
FNF:0
FNH:0
DA:3,1
DA:4,1
DA:6,1
DA:7,1
DA:9,1
DA:10,1
DA:11,1
DA:13,1
LF:8
LH:8
BRF:0
BRH:0
end_of_record
TN:
SF:routes\pokemonRoutes.js
FNF:0
FNH:0
DA:3,1
DA:4,1
DA:6,1
DA:8,1
DA:9,1
DA:11,1
LF:6
LH:6
BRF:0
BRH:0
end_of_record
